
****** PlanAhead v14.7
  **** Build 321239 by xbuild on Fri Sep 27 19:31:35 MDT 2013
    ** Copyright 1986-1999, 2001-2013 Xilinx, Inc. All Rights Reserved.

INFO: [Common 17-78] Attempting to get a license: PlanAhead
INFO: [Common 17-290] Got license for PlanAhead
INFO: [Device 21-36] Loading parts and site information from D:/Xilinx/14.7/ISE_DS/PlanAhead/data/parts/arch.xml
Parsing RTL primitives file [D:/Xilinx/14.7/ISE_DS/PlanAhead/data/parts/xilinx/rtl/prims/rtl_prims.xml]
Finished parsing RTL primitives file [D:/Xilinx/14.7/ISE_DS/PlanAhead/data/parts/xilinx/rtl/prims/rtl_prims.xml]
start_gui
source D:/Xilinx/workspace/LED/pa.fromNetlist.tcl
# create_project -name LED -dir "D:/Xilinx/workspace/LED/planAhead_run_3" -part xc6vlx240tff1156-1
# set_property design_mode GateLvl [get_property srcset [current_run -impl]]
# set_property edif_top_file "D:/Xilinx/workspace/LED/LED.ngc" [ get_property srcset [ current_run ] ]
# add_files -norecurse { {D:/Xilinx/workspace/LED} }
# set_param project.pinAheadLayout  yes
# set_property target_constrs_file "LED.ucf" [current_fileset -constrset]
Adding file 'D:/Xilinx/workspace/LED/LED.ucf' to fileset 'constrs_1'
# add_files [list {LED.ucf}] -fileset [get_property constrset [current_run]]
# link_design
Design is defaulting to srcset: sources_1
Design is defaulting to constrset: constrs_1
Design is defaulting to project part: xc6vlx240tff1156-1
Release 14.7 - ngc2edif P.20131013 (nt)
Copyright (c) 1995-2013 Xilinx, Inc.  All rights reserved.

Release 14.7 - ngc2edif P.20131013 (nt)
Copyright (c) 1995-2013 Xilinx, Inc.  All rights reserved.
Reading design LED.ngc ...
WARNING:NetListWriters:298 - No output is written to LED.xncf, ignored.
Processing design ...
   Preping design's networks ...
   Preping design's macros ...
  finished :Prep
Writing EDIF netlist file LED.edif ...
ngc2edif: Total memory usage is 85028 kilobytes

Parsing EDIF File [./planAhead_run_3/LED.data/cache/LED_ngc_zx.edif]
Finished Parsing EDIF File [./planAhead_run_3/LED.data/cache/LED_ngc_zx.edif]
Loading clock regions from D:/Xilinx/14.7/ISE_DS/PlanAhead/data\parts/xilinx/virtex6/virtex6lxt/xc6vlx240t/ClockRegion.xml
Loading clock buffers from D:/Xilinx/14.7/ISE_DS/PlanAhead/data\parts/xilinx/virtex6/virtex6lxt/xc6vlx240t/ClockBuffers.xml
Loading clock placement rules from D:/Xilinx/14.7/ISE_DS/PlanAhead/data/parts/xilinx/virtex6/ClockPlacerRules.xml
Loading clock capable ios from D:/Xilinx/14.7/ISE_DS/PlanAhead/data/parts/xilinx/virtex6/ClockCapableIOBs.xml
Loading package pin functions from D:/Xilinx/14.7/ISE_DS/PlanAhead/data\parts/xilinx/virtex6/PinFunctions.xml...
Loading package from D:/Xilinx/14.7/ISE_DS/PlanAhead/data\parts/xilinx/virtex6/virtex6lxt/xc6vlx240t/ff1156/Package.xml
Loading io standards from D:/Xilinx/14.7/ISE_DS/PlanAhead/data\./parts/xilinx/virtex6/IOStandards.xml
Loading device configuration modes from D:/Xilinx/14.7/ISE_DS/PlanAhead/data\parts/xilinx/virtex6/ConfigModes.xml
Loading list of drcs for the architecture : D:/Xilinx/14.7/ISE_DS/PlanAhead/data\./parts/xilinx/virtex6/drc.xml
Parsing UCF File [D:/Xilinx/workspace/LED/LED.ucf]
Finished Parsing UCF File [D:/Xilinx/workspace/LED/LED.ucf]
INFO: [Project 1-111] Unisim Transformation Summary:
No Unisim elements were transformed.

Phase 0 | Netlist Checksum: 97df1c6c
link_design: Time (s): elapsed = 00:00:23 . Memory (MB): peak = 601.348 ; gain = 181.492
INFO: [Power 33-160] Power Analysis is not supported for 6-series devices.
INFO: [Power 33-160] Power Analysis is not supported for 6-series devices.
startgroup
set_property package_pin D22 [get_ports KEY0]
INFO: [Power 33-160] Power Analysis is not supported for 6-series devices.
INFO: [Power 33-160] Power Analysis is not supported for 6-series devices.
endgroup
INFO: [Power 33-160] Power Analysis is not supported for 6-series devices.
startgroup
set_property package_pin C22 [get_ports KEY1]
INFO: [Power 33-160] Power Analysis is not supported for 6-series devices.
INFO: [Power 33-160] Power Analysis is not supported for 6-series devices.
endgroup
INFO: [Power 33-160] Power Analysis is not supported for 6-series devices.
startgroup
set_property package_pin L21 [get_ports KEY2]
INFO: [Power 33-160] Power Analysis is not supported for 6-series devices.
INFO: [Power 33-160] Power Analysis is not supported for 6-series devices.
endgroup
INFO: [Power 33-160] Power Analysis is not supported for 6-series devices.
INFO: [Power 33-160] Power Analysis is not supported for 6-series devices.
INFO: [Power 33-160] Power Analysis is not supported for 6-series devices.
startgroup
set_property package_pin L21 [get_ports KEY2]
INFO: [Power 33-160] Power Analysis is not supported for 6-series devices.
INFO: [Power 33-160] Power Analysis is not supported for 6-series devices.
INFO: [Power 33-160] Power Analysis is not supported for 6-series devices.
endgroup
startgroup
set_property package_pin L20 [get_ports KEY3]
INFO: [Power 33-160] Power Analysis is not supported for 6-series devices.
INFO: [Power 33-160] Power Analysis is not supported for 6-series devices.
endgroup
INFO: [Power 33-160] Power Analysis is not supported for 6-series devices.
startgroup
set_property package_pin C18 [get_ports KEY4]
INFO: [Power 33-160] Power Analysis is not supported for 6-series devices.
INFO: [Power 33-160] Power Analysis is not supported for 6-series devices.
endgroup
INFO: [Power 33-160] Power Analysis is not supported for 6-series devices.
INFO: [Power 33-160] Power Analysis is not supported for 6-series devices.
INFO: [Power 33-160] Power Analysis is not supported for 6-series devices.
startgroup
set_property package_pin B18 [get_ports KEY5]
INFO: [Power 33-160] Power Analysis is not supported for 6-series devices.
INFO: [Power 33-160] Power Analysis is not supported for 6-series devices.
endgroup
INFO: [Power 33-160] Power Analysis is not supported for 6-series devices.
INFO: [Power 33-160] Power Analysis is not supported for 6-series devices.
INFO: [Power 33-160] Power Analysis is not supported for 6-series devices.
startgroup
set_property package_pin K22 [get_ports KEY6]
INFO: [Power 33-160] Power Analysis is not supported for 6-series devices.
INFO: [Power 33-160] Power Analysis is not supported for 6-series devices.
endgroup
INFO: [Power 33-160] Power Analysis is not supported for 6-series devices.
startgroup
set_property package_pin K21 [get_ports KEY7]
INFO: [Power 33-160] Power Analysis is not supported for 6-series devices.
INFO: [Power 33-160] Power Analysis is not supported for 6-series devices.
endgroup
INFO: [Power 33-160] Power Analysis is not supported for 6-series devices.
startgroup
set_property package_pin AC22 [get_ports LED0]
INFO: [Power 33-160] Power Analysis is not supported for 6-series devices.
INFO: [Power 33-160] Power Analysis is not supported for 6-series devices.
endgroup
INFO: [Power 33-160] Power Analysis is not supported for 6-series devices.
INFO: [Power 33-160] Power Analysis is not supported for 6-series devices.
INFO: [Power 33-160] Power Analysis is not supported for 6-series devices.
startgroup
set_property package_pin AC22 [get_ports LED0]
INFO: [Power 33-160] Power Analysis is not supported for 6-series devices.
INFO: [Power 33-160] Power Analysis is not supported for 6-series devices.
INFO: [Power 33-160] Power Analysis is not supported for 6-series devices.
endgroup
startgroup
set_property package_pin AC24 [get_ports LED1]
INFO: [Power 33-160] Power Analysis is not supported for 6-series devices.
INFO: [Power 33-160] Power Analysis is not supported for 6-series devices.
endgroup
INFO: [Power 33-160] Power Analysis is not supported for 6-series devices.
startgroup
set_property package_pin AE22 [get_ports LED2]
INFO: [Power 33-160] Power Analysis is not supported for 6-series devices.
INFO: [Power 33-160] Power Analysis is not supported for 6-series devices.
endgroup
INFO: [Power 33-160] Power Analysis is not supported for 6-series devices.
startgroup
set_property package_pin AE23 [get_ports LED3]
INFO: [Power 33-160] Power Analysis is not supported for 6-series devices.
INFO: [Common 17-14] Message 'Power 33-160' appears 50 times and further instances of the messages will be disabled. Use the Tcl command set_msg_limit to change the current settings.
endgroup
startgroup
set_property package_pin AB23 [get_ports LED4]
endgroup
startgroup
set_property package_pin AG23 [get_ports LED5]
endgroup
startgroup
set_property package_pin AE24 [get_ports LED6]
endgroup
startgroup
set_property package_pin AD24 [get_ports LED7]
endgroup
save_constraints
exit
ERROR: [Common 17-39] 'stop_gui' failed due to earlier errors.
INFO: [Common 17-206] Exiting PlanAhead at Thu Dec 13 11:07:05 2018...
INFO: [Common 17-83] Releasing license: PlanAhead
